d:\_file\eurekarenderer\x64\debug\vc143.pdb
d:\_file\eurekarenderer\x64\debug\vc143.idb
d:\_file\eurekarenderer\x64\debug\window.obj
d:\_file\eurekarenderer\x64\debug\renderer.obj
d:\_file\eurekarenderer\x64\debug\texture.obj
d:\_file\eurekarenderer\x64\debug\shader.obj
d:\_file\eurekarenderer\x64\debug\renderertexturefunctions.obj
d:\_file\eurekarenderer\x64\debug\renderershaderfunctions.obj
d:\_file\eurekarenderer\x64\debug\vbl.obj
d:\_file\eurekarenderer\x64\debug\renderpipeline_default.obj
d:\_file\eurekarenderer\x64\debug\camera.obj
d:\_file\eurekarenderer\x64\debug\renderercamerafunctions.obj
d:\_file\eurekarenderer\x64\debug\glm.obj
d:\_file\eurekarenderer\x64\debug\model.obj
d:\_file\eurekarenderer\x64\debug\mesh.obj
d:\_file\eurekarenderer\x64\debug\renderermeshfunctions.obj
d:\_file\eurekarenderer\x64\debug\vbo.obj
d:\_file\eurekarenderer\x64\debug\vao.obj
d:\_file\eurekarenderer\x64\debug\ebo.obj
d:\_file\eurekarenderer\x64\debug\renderermodelfunctions.obj
d:\_file\eurekarenderer\x64\debug\rendererlightfunctions.obj
d:\_file\eurekarenderer\x64\debug\directionallight.obj
d:\_file\eurekarenderer\x64\debug\light.obj
d:\_file\eurekarenderer\x64\debug\eurekarenderer.obj
d:\_file\eurekarenderer\x64\debug\glad.obj
d:\_file\eurekarenderer\x64\debug\eurekarenderer.exe
d:\_file\eurekarenderer\x64\debug\eurekarenderer.ilk
d:\_file\eurekarenderer\x64\debug\eurekarenderer.pdb
d:\_file\eurekarenderer\x64\debug\basicrenderpipeline.obj
d:\_file\eurekarenderer\x64\debug\defaultrenderpipeline.obj
d:\_file\eurekarenderer\x64\debug\renderercontext.obj
d:\_file\eurekarenderer\x64\debug\renderpipeline.obj
d:\_file\eurekarenderer\x64\debug\renderpipeline_basic.obj
d:\_file\eurekarenderer\x64\debug\stb.obj
d:\_file\eurekarenderer\x64\debug\eurekarenderer.tlog\cl.command.1.tlog
d:\_file\eurekarenderer\x64\debug\eurekarenderer.tlog\cl.items.tlog
d:\_file\eurekarenderer\x64\debug\eurekarenderer.tlog\cl.read.1.tlog
d:\_file\eurekarenderer\x64\debug\eurekarenderer.tlog\cl.write.1.tlog
d:\_file\eurekarenderer\x64\debug\eurekarenderer.tlog\link.command.1.tlog
d:\_file\eurekarenderer\x64\debug\eurekarenderer.tlog\link.read.1.tlog
d:\_file\eurekarenderer\x64\debug\eurekarenderer.tlog\link.write.1.tlog
